<?xml version="1.0" encoding="UTF-8"?>
<testsuites>
  <testsuite name="fastlane.lanes">
    
    
    
      
      <testcase classname="fastlane.lanes" name="0: default_platform" time="0.0017247">
        
      </testcase>
    
      
      <testcase classname="fastlane.lanes" name="1: flutter build apk --release --flavor prod -t lib/main_prod.dart --no-tree-shake-icons" time="41.1804">
        
          <failure message="C:/Users/kamal/.local/share/gem/ruby/3.2.0/gems/fastlane-2.220.0/fastlane/lib/fastlane/actions/actions_helper.rb:67:in `execute_action&apos;&#10;C:/Users/kamal/.local/share/gem/ruby/3.2.0/gems/fastlane-2.220.0/fastlane/lib/fastlane/fast_file.rb:222:in `sh&apos;&#10;C:/Users/kamal/.local/share/gem/ruby/3.2.0/gems/fastlane-2.220.0/fastlane/lib/fastlane/fast_file.rb:216:in `sh&apos;&#10;Fastfile:21:in `block (2 levels) in parsing_binding&apos;&#10;C:/Users/kamal/.local/share/gem/ruby/3.2.0/gems/fastlane-2.220.0/fastlane/lib/fastlane/lane.rb:41:in `call&apos;&#10;C:/Users/kamal/.local/share/gem/ruby/3.2.0/gems/fastlane-2.220.0/fastlane/lib/fastlane/runner.rb:49:in `block in execute&apos;&#10;C:/Users/kamal/.local/share/gem/ruby/3.2.0/gems/fastlane-2.220.0/fastlane/lib/fastlane/runner.rb:45:in `chdir&apos;&#10;C:/Users/kamal/.local/share/gem/ruby/3.2.0/gems/fastlane-2.220.0/fastlane/lib/fastlane/runner.rb:45:in `execute&apos;&#10;C:/Users/kamal/.local/share/gem/ruby/3.2.0/gems/fastlane-2.220.0/fastlane/lib/fastlane/lane_manager.rb:46:in `cruise_lane&apos;&#10;C:/Users/kamal/.local/share/gem/ruby/3.2.0/gems/fastlane-2.220.0/fastlane/lib/fastlane/command_line_handler.rb:34:in `handle&apos;&#10;C:/Users/kamal/.local/share/gem/ruby/3.2.0/gems/fastlane-2.220.0/fastlane/lib/fastlane/commands_generator.rb:110:in `block (2 levels) in run&apos;&#10;C:/Users/kamal/.local/share/gem/ruby/3.2.0/gems/commander-4.6.0/lib/commander/command.rb:187:in `call&apos;&#10;C:/Users/kamal/.local/share/gem/ruby/3.2.0/gems/commander-4.6.0/lib/commander/command.rb:157:in `run&apos;&#10;C:/Users/kamal/.local/share/gem/ruby/3.2.0/gems/commander-4.6.0/lib/commander/runner.rb:444:in `run_active_command&apos;&#10;C:/Users/kamal/.local/share/gem/ruby/3.2.0/gems/fastlane-2.220.0/fastlane_core/lib/fastlane_core/ui/fastlane_runner.rb:124:in `run!&apos;&#10;C:/Users/kamal/.local/share/gem/ruby/3.2.0/gems/commander-4.6.0/lib/commander/delegates.rb:18:in `run!&apos;&#10;C:/Users/kamal/.local/share/gem/ruby/3.2.0/gems/fastlane-2.220.0/fastlane/lib/fastlane/commands_generator.rb:363:in `run&apos;&#10;C:/Users/kamal/.local/share/gem/ruby/3.2.0/gems/fastlane-2.220.0/fastlane/lib/fastlane/commands_generator.rb:43:in `start&apos;&#10;C:/Users/kamal/.local/share/gem/ruby/3.2.0/gems/fastlane-2.220.0/fastlane/lib/fastlane/cli_tools_distributor.rb:123:in `take_off&apos;&#10;C:/Users/kamal/.local/share/gem/ruby/3.2.0/gems/fastlane-2.220.0/bin/fastlane:23:in `&lt;top (required)&gt;&apos;&#10;C:/Users/kamal/AppData/Local/Microsoft/WindowsApps/fastlane:32:in `load&apos;&#10;C:/Users/kamal/AppData/Local/Microsoft/WindowsApps/fastlane:32:in `&lt;main&gt;&apos;&#10;&#10;Exit status of command &apos;flutter build apk --release --flavor prod -t lib/main_prod.dart --no-tree-shake-icons&apos; was 1 instead of 0.&#10;Changing current working directory to: F:\Projects\Flutter Projects\alo_taxi&#10;&#10;Running Gradle task &apos;assembleProdRelease&apos;...                    &#10;Error: Couldn&apos;t resolve the package &apos;docdoc_app&apos; in &apos;package:docdoc_app/core/di/dependency_injection.dart&apos;.&#10;Error: Couldn&apos;t resolve the package &apos;docdoc_app&apos; in &apos;package:docdoc_app/core/routing/app_router.dart&apos;.&#10;Error: Couldn&apos;t resolve the package &apos;flutter_screenutil&apos; in &apos;package:flutter_screenutil/flutter_screenutil.dart&apos;.&#10;lib/main_prod.dart:1:8: Error: Not found: &apos;package:docdoc_app/core/di/dependency_injection.dart&apos;&#10;import &apos;package:docdoc_app/core/di/dependency_injection.dart&apos;;&#10;       ^&#10;lib/main_prod.dart:2:8: Error: Not found: &apos;package:docdoc_app/core/routing/app_router.dart&apos;&#10;import &apos;package:docdoc_app/core/routing/app_router.dart&apos;;&#10;       ^&#10;lib/main_prod.dart:4:8: Error: Not found: &apos;package:flutter_screenutil/flutter_screenutil.dart&apos;&#10;import &apos;package:flutter_screenutil/flutter_screenutil.dart&apos;;&#10;       ^&#10;lib/main_prod.dart:6:8: Error: Error when reading &apos;lib/doc_app.dart&apos;: The system cannot find the file specified.&#10;&#10;import &apos;doc_app.dart&apos;;&#10;       ^&#10;lib/main_prod.dart:9:3: Error: Method not found: &apos;setupGitIt&apos;.&#10;  setupGitIt();&#10;  ^^^^^^^^^^&#10;lib/main_prod.dart:11:9: Error: Undefined name &apos;ScreenUtil&apos;.&#10;  await ScreenUtil.ensureScreenSize();&#10;        ^^^^^^^^^^&#10;lib/main_prod.dart:12:28: Error: Method not found: &apos;AppRouter&apos;.&#10;  runApp(DocApp(appRouter: AppRouter()));&#10;                           ^^^^^^^^^&#10;lib/main_prod.dart:12:10: Error: Method not found: &apos;DocApp&apos;.&#10;  runApp(DocApp(appRouter: AppRouter()));&#10;         ^^^^^^&#10;Unhandled exception:&#10;FileSystemException(uri=org-dartlang-untranslatable-uri:package%3Adocdoc_app%2Fcore%2Fdi%2Fdependency_injection.dart; message=StandardFileSystem only supports file:* and data:* URIs)&#10;#0      StandardFileSystem.entityForUri (package:front_end/src/api_prototype/standard_file_system.dart:34)&#10;#1      asFileUri (package:vm/kernel_front_end.dart:752)&#10;#2      writeDepfile (package:vm/kernel_front_end.dart:892)&#10;&lt;asynchronous suspension&gt;&#10;#3      FrontendCompiler.compile (package:frontend_server/frontend_server.dart:680)&#10;&lt;asynchronous suspension&gt;&#10;#4      starter (package:frontend_server/starter.dart:101)&#10;&lt;asynchronous suspension&gt;&#10;#5      main (file:///C:/b/s/w/ir/x/w/sdk/pkg/frontend_server/bin/frontend_server_starter.dart:13)&#10;&lt;asynchronous suspension&gt;&#10;&#10;Target kernel_snapshot failed: Exception&#10;&#10;&#10;FAILURE: Build failed with an exception.&#10;&#10;* What went wrong:&#10;Execution failed for task &apos;:app:compileFlutterBuildProdRelease&apos;.&#10;&gt; Process &apos;command &apos;C:\src\flutter\bin\flutter.bat&apos;&apos; finished with non-zero exit value 1&#10;&#10;* Try:&#10;&gt; Run with --stacktrace option to get the stack trace.&#10;&gt; Run with --info or --debug option to get more log output.&#10;&gt; Run with --scan to get full insights.&#10;&#10;* Get more help at https://help.gradle.org&#10;&#10;BUILD FAILED in 38s&#10;Running Gradle task &apos;assembleProdRelease&apos;...                       39.1s&#10;Gradle task assembleProdRelease failed with exit code 1&#10;" />
        
      </testcase>
    
  </testsuite>
</testsuites>
